0 info it worked if it ends with ok
1 verbose cli [ '/usr/bin/node', '/usr/bin/npm', 'publish', '--tag', 'badge' ]
2 info using npm@3.3.12
3 info using node@v5.3.0
4 verbose publish [ '.' ]
5 silly cache add args [ '.', null ]
6 verbose cache add spec .
7 silly cache add parsed spec Result {
7 silly cache add   raw: '.',
7 silly cache add   scope: null,
7 silly cache add   name: null,
7 silly cache add   rawSpec: '.',
7 silly cache add   spec: '/home/fredrb/code/node/codepen-downloader',
7 silly cache add   type: 'directory' }
8 verbose addLocalDirectory /home/fredrb/.npm/cpen/0.1.1/package.tgz not in flight; packing
9 info lifecycle cpen@0.1.1~prepublish: cpen@0.1.1
10 silly lifecycle cpen@0.1.1~prepublish: no script for prepublish, continuing
11 verbose tar pack [ '/home/fredrb/.npm/cpen/0.1.1/package.tgz',
11 verbose tar pack   '/home/fredrb/code/node/codepen-downloader' ]
12 verbose tarball /home/fredrb/.npm/cpen/0.1.1/package.tgz
13 verbose folder /home/fredrb/code/node/codepen-downloader
14 verbose addLocalTarball adding from inside cache /home/fredrb/.npm/cpen/0.1.1/package.tgz
15 silly cache afterAdd cpen@0.1.1
16 verbose afterAdd /home/fredrb/.npm/cpen/0.1.1/package/package.json not in flight; writing
17 verbose afterAdd /home/fredrb/.npm/cpen/0.1.1/package/package.json written
18 silly publish { name: 'cpen',
18 silly publish   version: '0.1.1',
18 silly publish   description: 'Download codepens',
18 silly publish   main: 'index.js',
18 silly publish   scripts: { test: './node_modules/mocha/bin/mocha' },
18 silly publish   author: '',
18 silly publish   license: 'ISC',
18 silly publish   dependencies: { async: '^1.5.2', commander: '^2.9.0', progress: '^1.1.8' },
18 silly publish   devDependencies: { chai: '^3.5.0', mocha: '~2.3.4' },
18 silly publish   bin: { cpen: 'index.js' },
18 silly publish   readme: '# Codepen Downloader\n\n[![NPM Version][npm-image]][npm-url]\n\nDownload all three files from a [codepen](http://www.codepen.io) to your machine.\n\n### Install\n\n`npm install cpen -g`\n\n### Usage\n\n`cpen download <codepen url>`\n\n#### Example\n\n`cpen download /samirc/pen/vGKoxj`\n\nThis will download `.html` `.js` and `.css` files to current folder.\n\n[npm-image]: https://img.shields.io/npm/v/cpen.svg\n[npm-url]: https://npmjs.org/package/cpen\n',
18 silly publish   readmeFilename: 'readme.md',
18 silly publish   gitHead: '8a3d870af5028ce9719c39d8d55f687aa378d551',
18 silly publish   _id: 'cpen@0.1.1',
18 silly publish   _shasum: '36689fd0c88b614f61a0e33df82d9ff99dae23fe',
18 silly publish   _from: '.' }
19 verbose getPublishConfig undefined
20 silly mapToRegistry name cpen
21 silly mapToRegistry using default registry
22 silly mapToRegistry registry https://registry.npmjs.org/
23 silly mapToRegistry uri https://registry.npmjs.org/cpen
24 verbose publish registryBase https://registry.npmjs.org/
25 silly publish uploading /home/fredrb/.npm/cpen/0.1.1/package.tgz
26 verbose request uri https://registry.npmjs.org/cpen
27 verbose request sending authorization for write operation
28 info attempt registry request try #1 at 8:52:11 PM
29 verbose request using bearer token for auth
30 verbose request id 6dcd1250e8d7a5de
31 http request PUT https://registry.npmjs.org/cpen
32 http 403 https://registry.npmjs.org/cpen
33 verbose headers { 'content-type': 'application/json',
33 verbose headers   'cache-control': 'max-age=300',
33 verbose headers   'content-length': '95',
33 verbose headers   'accept-ranges': 'bytes',
33 verbose headers   date: 'Sat, 12 Mar 2016 23:52:13 GMT',
33 verbose headers   via: '1.1 varnish',
33 verbose headers   connection: 'keep-alive',
33 verbose headers   'x-served-by': 'cache-atl6233-ATL',
33 verbose headers   'x-cache': 'MISS',
33 verbose headers   'x-cache-hits': '0',
33 verbose headers   'x-timer': 'S1457826732.448920,VS0,VE685' }
34 verbose request invalidating /home/fredrb/.npm/registry.npmjs.org/cpen on PUT
35 error publish Failed PUT 403
36 verbose stack Error: "You cannot publish over the previously published version 0.1.1." : cpen
36 verbose stack     at makeError (/home/fredrb/app/node-v5.3.0-linux-x64/lib/node_modules/npm/node_modules/npm-registry-client/lib/request.js:264:12)
36 verbose stack     at CachingRegistryClient.<anonymous> (/home/fredrb/app/node-v5.3.0-linux-x64/lib/node_modules/npm/node_modules/npm-registry-client/lib/request.js:252:14)
36 verbose stack     at Request._callback (/home/fredrb/app/node-v5.3.0-linux-x64/lib/node_modules/npm/node_modules/npm-registry-client/lib/request.js:172:14)
36 verbose stack     at Request.self.callback (/home/fredrb/app/node-v5.3.0-linux-x64/lib/node_modules/npm/node_modules/request/request.js:198:22)
36 verbose stack     at emitTwo (events.js:87:13)
36 verbose stack     at Request.emit (events.js:172:7)
36 verbose stack     at Request.<anonymous> (/home/fredrb/app/node-v5.3.0-linux-x64/lib/node_modules/npm/node_modules/request/request.js:1082:10)
36 verbose stack     at emitOne (events.js:82:20)
36 verbose stack     at Request.emit (events.js:169:7)
36 verbose stack     at IncomingMessage.<anonymous> (/home/fredrb/app/node-v5.3.0-linux-x64/lib/node_modules/npm/node_modules/request/request.js:1009:12)
37 verbose statusCode 403
38 verbose pkgid cpen
39 verbose cwd /home/fredrb/code/node/codepen-downloader
40 error Linux 4.0.4-303.fc22.x86_64
41 error argv "/usr/bin/node" "/usr/bin/npm" "publish" "--tag" "badge"
42 error node v5.3.0
43 error npm  v3.3.12
44 error code E403
45 error "You cannot publish over the previously published version 0.1.1." : cpen
46 error If you need help, you may report this error at:
46 error     <https://github.com/npm/npm/issues>
47 verbose exit [ 1, true ]
